
2022/09/02 (13:03:22) | ===> btop++ v.1.2.9
2022/09/02 (13:03:22) | ERROR: Invalid RGB decimal value: "ba1a84"

2022/09/05 (18:51:51) | ===> btop++ v.1.2.9
2022/09/05 (18:51:51) | ERROR: Stall in Runner thread, restarting!

2023/06/30 (21:17:50) | ===> btop++ v.1.2.13
2023/06/30 (21:17:50) | ERROR: Stall in Runner thread, restarting!
2023/06/30 (21:17:55) | ERROR: Stall in Runner thread, restarting!
2023/06/30 (21:18:00) | ERROR: Stall in Runner thread, restarting!
2023/06/30 (21:18:06) | ERROR: Stall in Runner thread, restarting!
2023/06/30 (21:18:11) | ERROR: Stall in Runner thread, restarting!

2023/07/20 (22:53:54) | ===> btop++ v.1.2.13
2023/07/20 (22:53:54) | WARNING: Failed to get disk/partition stats for mount "/mnt/backup" with statvfs64 error code: 19. Ignoring...

2023/07/21 (23:33:57) | ===> btop++ v.1.2.13
2023/07/21 (23:33:57) | ERROR: Stall in Runner thread, restarting!
2023/07/21 (23:39:12) | ERROR: Stall in Runner thread, restarting!
2023/07/21 (23:39:18) | ERROR: Stall in Runner thread, restarting!
2023/07/21 (23:39:23) | ERROR: Stall in Runner thread, restarting!
2023/07/21 (23:39:28) | ERROR: Stall in Runner thread, restarting!

2023/07/25 (17:15:21) | ===> btop++ v.1.2.13
2023/07/25 (17:15:21) | ERROR: Stall in Runner thread, restarting!

2023/08/15 (21:44:37) | ===> btop++ v.1.2.13
2023/08/15 (21:44:37) | ERROR: Stall in Runner thread, restarting!

2023/09/04 (02:46:21) | ===> btop++ v.1.2.13
2023/09/04 (02:46:21) | INFO: Logger set to INFO
2023/09/04 (02:46:24) | INFO: Logger set to INFO
2023/09/04 (02:46:24) | INFO: Logger set to DEBUG
2023/09/04 (02:46:25) | INFO: Logger set to INFO
2023/09/04 (02:49:02) | INFO: Quitting! Runtime: 00:05:58

2023/09/04 (03:11:59) | ===> btop++ v.1.2.13
2023/09/04 (03:11:59) | INFO: Logger set to INFO
2023/09/04 (03:11:59) | INFO: Running on /dev/pts/6
